Arguments: 
  /usr/bin/node /usr/share/yarn/bin/yarn.js add datatables.net-bsyarn add datatables.net-bs4

PATH: 
  /usr/local/sbin:/usr/local/bin:/usr/sbin:/usr/bin:/sbin:/bin:/usr/games:/usr/local/games:/snap/bin

Yarn version: 
  1.19.2

Node version: 
  12.13.1

Platform: 
  linux x64

Trace: 
  Error: https://registry.yarnpkg.com/datatables.net-bsyarn: Not found
      at Request.params.callback [as _callback] (/usr/share/yarn/lib/cli.js:66927:18)
      at Request.self.callback (/usr/share/yarn/lib/cli.js:140586:22)
      at Request.emit (events.js:210:5)
      at Request.<anonymous> (/usr/share/yarn/lib/cli.js:141558:10)
      at Request.emit (events.js:210:5)
      at IncomingMessage.<anonymous> (/usr/share/yarn/lib/cli.js:141480:12)
      at Object.onceWrapper (events.js:299:28)
      at IncomingMessage.emit (events.js:215:7)
      at endReadableNT (_stream_readable.js:1184:12)
      at processTicksAndRejections (internal/process/task_queues.js:80:21)

npm manifest: 
  {
    "dependencies": {
      "@fortawesome/fontawesome-free": "^5.11.2",
      "bootstrap": "^4.3.1",
      "datatables.net-bs": "^1.10.20",
      "jquery": "^3.4.1"
    }
  }

yarn manifest: 
  No manifest

Lockfile: 
  # THIS IS AN AUTOGENERATED FILE. DO NOT EDIT THIS FILE DIRECTLY.
  # yarn lockfile v1
  
  
  "@fortawesome/fontawesome-free@^5.11.2":
    version "5.11.2"
    resolved "https://registry.yarnpkg.com/@fortawesome/fontawesome-free/-/fontawesome-free-5.11.2.tgz#8644bc25b19475779a7b7c1fc104bc0a794f4465"
    integrity sha512-XiUPoS79r1G7PcpnNtq85TJ7inJWe0v+b5oZJZKb0pGHNIV6+UiNeQWiFGmuQ0aj7GEhnD/v9iqxIsjuRKtEnQ==
  
  bootstrap@^4.3.1:
    version "4.3.1"
    resolved "https://registry.yarnpkg.com/bootstrap/-/bootstrap-4.3.1.tgz#280ca8f610504d99d7b6b4bfc4b68cec601704ac"
    integrity sha512-rXqOmH1VilAt2DyPzluTi2blhk17bO7ef+zLLPlWvG494pDxcM234pJ8wTc/6R40UWizAIIMgxjvxZg5kmsbag==
  
  datatables.net-bs@^1.10.20:
    version "1.10.20"
    resolved "https://registry.yarnpkg.com/datatables.net-bs/-/datatables.net-bs-1.10.20.tgz#4a54a65527013aa8bb98eb7fa27d6231f7dc1bee"
    integrity sha512-NsMoOOYZ6NlteOpzhltw21lXsNdhjIMbIOxnqmcrb62ntl8eL9pYzk2AeiDXBlIKY4e550ZrExCq3CYKQ9myEg==
    dependencies:
      datatables.net "1.10.20"
      jquery ">=1.7"
  
  datatables.net@1.10.20:
    version "1.10.20"
    resolved "https://registry.yarnpkg.com/datatables.net/-/datatables.net-1.10.20.tgz#9d65ecc3c83cbe7baa4fa5a053405c8fe42c1350"
    integrity sha512-4E4S7tTU607N3h0fZPkGmAtr9mwy462u+VJ6gxYZ8MxcRIjZqHy3Dv1GNry7i3zQCktTdWbULVKBbkAJkuHEnQ==
    dependencies:
      jquery ">=1.7"
  
  jquery@>=1.7, jquery@^3.4.1:
    version "3.4.1"
    resolved "https://registry.yarnpkg.com/jquery/-/jquery-3.4.1.tgz#714f1f8d9dde4bdfa55764ba37ef214630d80ef2"
    integrity sha512-36+AdBzCL+y6qjw5Tx7HgzeGCzC81MDDgaUP8ld2zhx58HdqXGoBd+tHdrBMiyjGQs0Hxs/MLZTu/eHNJJuWPw==
